2026.06.20 22:16:34 INFO  Started: Metals version 1.6.7+21-7150cac2-SNAPSHOT in folders 'E:\WORK\ERP\QMS\QMS' for client Visual Studio Code 1.125.1.
2026.06.20 22:16:35 INFO  Memory monitor started
2026.06.20 22:16:36 WARN  Using H2 2.4.240 which is newer than the version Flyway has been verified with. The latest verified version of H2 is 2.3.232.
2026.06.20 22:16:36 INFO  no build target found for E:\WORK\ERP\QMS\QMS\QMS_backend\src\main\java\com\ERP\QMS\security\UserDetailsServiceImpl.java. Using fallback presentation compiler.
2026.06.20 22:16:39 INFO  no build target found for E:\WORK\ERP\QMS\QMS\QMS_backend\src\main\java\com\ERP\QMS\security\UserDetailsServiceImpl.java. Using fallback presentation compiler.
2026.06.20 22:57:46 INFO  Shutting down server
2026.06.20 22:57:46 INFO  Memory monitor stopped
2026.06.20 22:57:46 INFO  shutting down Metals
2026.06.20 22:57:47 ERROR Unexpected error initializing server: 
org.eclipse.lsp4j.jsonrpc.ResponseErrorException: Request window/showMessageRequest failed with message: Canceled
	at org.eclipse.lsp4j.jsonrpc.RemoteEndpoint.handleResponse(RemoteEndpoint.java:214)
	at org.eclipse.lsp4j.jsonrpc.RemoteEndpoint.consume(RemoteEndpoint.java:198)
	at org.eclipse.lsp4j.jsonrpc.json.StreamMessageProducer.handleMessage(StreamMessageProducer.java:189)
	at org.eclipse.lsp4j.jsonrpc.json.StreamMessageProducer.listen(StreamMessageProducer.java:97)
	at org.eclipse.lsp4j.jsonrpc.json.ConcurrentMessageProcessor.run(ConcurrentMessageProcessor.java:97)
	at java.util.concurrent.Executors$RunnableAdapter.call(Executors.java:572)
	at java.util.concurrent.FutureTask.run(FutureTask.java:317)
	at java.util.concurrent.ThreadPoolExecutor.runWorker(ThreadPoolExecutor.java:1144)
	at java.util.concurrent.ThreadPoolExecutor$Worker.run(ThreadPoolExecutor.java:642)
	at java.lang.Thread.run(Thread.java:1583)

